<?xml version="1.0" encoding="UTF-8"?>
<testng-results ignored="0" total="1" passed="1" failed="0" skipped="0">
  <reporter-output>
    <line>
      <![CDATA[@BeforeSuite]]>
    </line>
    <line>
      <![CDATA[@BeforeTest]]>
    </line>
    <line>
      <![CDATA[@BeforeClass]]>
    </line>
    <line>
      <![CDATA[@AfterMethod]]>
    </line>
    <line>
      <![CDATA[@Test(demo) executed]]>
    </line>
    <line>
      <![CDATA[@AfterMethod]]>
    </line>
    <line>
      <![CDATA[@AfterClass]]>
    </line>
    <line>
      <![CDATA[@AfterTest]]>
    </line>
    <line>
      <![CDATA[@AfterSuite]]>
    </line>
  </reporter-output>
  <suite started-at="2024-05-24T15:12:52 IST" name="Default suite" finished-at="2024-05-24T15:12:52 IST" duration-ms="37">
    <groups>
    </groups>
    <test started-at="2024-05-24T15:12:52 IST" name="Default test" finished-at="2024-05-24T15:12:52 IST" duration-ms="37">
      <class name="TestNG.ConfigurationAnnotation">
        <test-method is-config="true" signature="beforeSuite()[pri:0, instance:TestNG.ConfigurationAnnotation@1afd44cb]" started-at="2024-05-24T15:12:52 IST" name="beforeSuite" finished-at="2024-05-24T15:12:52 IST" duration-ms="6" status="PASS">
          <reporter-output>
            <line>
              <![CDATA[@BeforeSuite]]>
            </line>
          </reporter-output>
        </test-method> <!-- beforeSuite -->
        <test-method is-config="true" signature="beforeTest()[pri:0, instance:TestNG.ConfigurationAnnotation@1afd44cb]" started-at="2024-05-24T15:12:52 IST" name="beforeTest" finished-at="2024-05-24T15:12:52 IST" duration-ms="1" status="PASS">
          <reporter-output>
            <line>
              <![CDATA[@BeforeTest]]>
            </line>
          </reporter-output>
        </test-method> <!-- beforeTest -->
        <test-method is-config="true" signature="beforeClass()[pri:0, instance:TestNG.ConfigurationAnnotation@1afd44cb]" started-at="2024-05-24T15:12:52 IST" name="beforeClass" finished-at="2024-05-24T15:12:52 IST" duration-ms="0" status="PASS">
          <reporter-output>
            <line>
              <![CDATA[@BeforeClass]]>
            </line>
          </reporter-output>
        </test-method> <!-- beforeClass -->
        <test-method is-config="true" signature="beforeMethod()[pri:0, instance:TestNG.ConfigurationAnnotation@1afd44cb]" started-at="2024-05-24T15:12:52 IST" name="beforeMethod" finished-at="2024-05-24T15:12:52 IST" duration-ms="1" status="PASS">
          <reporter-output>
            <line>
              <![CDATA[@AfterMethod]]>
            </line>
          </reporter-output>
        </test-method> <!-- beforeMethod -->
        <test-method signature="demo()[pri:0, instance:TestNG.ConfigurationAnnotation@1afd44cb]" started-at="2024-05-24T15:12:52 IST" name="demo" finished-at="2024-05-24T15:12:52 IST" duration-ms="5" status="PASS">
          <reporter-output>
            <line>
              <![CDATA[@Test(demo) executed]]>
            </line>
          </reporter-output>
        </test-method> <!-- demo -->
        <test-method is-config="true" signature="afterMethod()[pri:0, instance:TestNG.ConfigurationAnnotation@1afd44cb]" started-at="2024-05-24T15:12:52 IST" name="afterMethod" finished-at="2024-05-24T15:12:52 IST" duration-ms="2" status="PASS">
          <reporter-output>
            <line>
              <![CDATA[@AfterMethod]]>
            </line>
          </reporter-output>
        </test-method> <!-- afterMethod -->
        <test-method is-config="true" signature="afterClass()[pri:0, instance:TestNG.ConfigurationAnnotation@1afd44cb]" started-at="2024-05-24T15:12:52 IST" name="afterClass" finished-at="2024-05-24T15:12:52 IST" duration-ms="1" status="PASS">
          <reporter-output>
            <line>
              <![CDATA[@AfterClass]]>
            </line>
          </reporter-output>
        </test-method> <!-- afterClass -->
        <test-method is-config="true" signature="afterTest()[pri:0, instance:TestNG.ConfigurationAnnotation@1afd44cb]" started-at="2024-05-24T15:12:52 IST" name="afterTest" finished-at="2024-05-24T15:12:52 IST" duration-ms="0" status="PASS">
          <reporter-output>
            <line>
              <![CDATA[@AfterTest]]>
            </line>
          </reporter-output>
        </test-method> <!-- afterTest -->
        <test-method is-config="true" signature="afterSuite()[pri:0, instance:TestNG.ConfigurationAnnotation@1afd44cb]" started-at="2024-05-24T15:12:52 IST" name="afterSuite" finished-at="2024-05-24T15:12:52 IST" duration-ms="0" status="PASS">
          <reporter-output>
            <line>
              <![CDATA[@AfterSuite]]>
            </line>
          </reporter-output>
        </test-method> <!-- afterSuite -->
      </class> <!-- TestNG.ConfigurationAnnotation -->
    </test> <!-- Default test -->
  </suite> <!-- Default suite -->
</testng-results>
